<?xml version="1.0" encoding="UTF-8"?>
<testsuite name="ru.netology.travel.AppTest" tests="1" skipped="0" failures="0" errors="0" timestamp="2021-08-22T11:14:17" hostname="DESKTOP-JOUMFLL" time="16.206">
  <properties/>
  <testcase name="successfulBuy()" classname="ru.netology.travel.AppTest" time="16.206"/>
  <system-out><![CDATA[]]></system-out>
  <system-err><![CDATA[Starting ChromeDriver 92.0.4515.107 (87a818b10553a07434ea9e2b6dccf3cbe7895134-refs/branch-heads/4515@{#1634}) on port 31507
Only local connections are allowed.
Please see https://chromedriver.chromium.org/security-considerations for suggestions on keeping ChromeDriver safe.
ChromeDriver was started successfully.
авг. 22, 2021 2:14:20 PM org.openqa.selenium.remote.ProtocolHandshake createSession
INFO: Detected dialect: W3C
]]></system-err>
</testsuite>
